MenuJogadores.obj : error LNK2019: símbolo externo não resolvido, "__declspec(dllimport) public: __cdecl sf::String::String(char const *,class std::locale const &)" (__imp_??0String@sf@@QEAA@PEBDAEBVlocale@std@@@Z), referenciado na função "public: __cdecl std::locale::locale(void)" (??0locale@std@@QEAA@XZ)
MenuPause.obj : error LNK2001: símbolo externo não resolvido "__declspec(dllimport) public: __cdecl sf::String::String(char const *,class std::locale const &)" (__imp_??0String@sf@@QEAA@PEBDAEBVlocale@std@@@Z)
MenuPrincipal.obj : error LNK2001: símbolo externo não resolvido "__declspec(dllimport) public: __cdecl sf::String::String(char const *,class std::locale const &)" (__imp_??0String@sf@@QEAA@PEBDAEBVlocale@std@@@Z)
Creditos.obj : error LNK2001: símbolo externo não resolvido "__declspec(dllimport) public: __cdecl sf::String::String(char const *,class std::locale const &)" (__imp_??0String@sf@@QEAA@PEBDAEBVlocale@std@@@Z)
GerenciadorGrafico.obj : error LNK2001: símbolo externo não resolvido "__declspec(dllimport) public: __cdecl sf::String::String(char const *,class std::locale const &)" (__imp_??0String@sf@@QEAA@PEBDAEBVlocale@std@@@Z)
MenuColocacao.obj : error LNK2001: símbolo externo não resolvido "__declspec(dllimport) public: __cdecl sf::String::String(char const *,class std::locale const &)" (__imp_??0String@sf@@QEAA@PEBDAEBVlocale@std@@@Z)
MenuFases.obj : error LNK2001: símbolo externo não resolvido "__declspec(dllimport) public: __cdecl sf::String::String(char const *,class std::locale const &)" (__imp_??0String@sf@@QEAA@PEBDAEBVlocale@std@@@Z)
MenuJogadores.obj : error LNK2019: símbolo externo não resolvido, "__declspec(dllimport) public: __cdecl sf::String::~String(void)" (__imp_??1String@sf@@QEAA@XZ), referenciado na função "protected: void __cdecl std::time_get<wchar_t,class std::istreambuf_iterator<wchar_t,struct std::char_traits<wchar_t> > >::_Getvals<wchar_t>(wchar_t,class std::_Locinfo const &)" (??$_Getvals@_W@?$time_get@_WV?$istreambuf_iterator@_WU?$char_traits@_W@std@@@std@@@std@@IEAAX_WAEBV_Locinfo@1@@Z)
MenuPause.obj : error LNK2001: símbolo externo não resolvido "__declspec(dllimport) public: __cdecl sf::String::~String(void)" (__imp_??1String@sf@@QEAA@XZ)
MenuPrincipal.obj : error LNK2001: símbolo externo não resolvido "__declspec(dllimport) public: __cdecl sf::String::~String(void)" (__imp_??1String@sf@@QEAA@XZ)
Creditos.obj : error LNK2001: símbolo externo não resolvido "__declspec(dllimport) public: __cdecl sf::String::~String(void)" (__imp_??1String@sf@@QEAA@XZ)
GerenciadorGrafico.obj : error LNK2001: símbolo externo não resolvido "__declspec(dllimport) public: __cdecl sf::String::~String(void)" (__imp_??1String@sf@@QEAA@XZ)
MenuColocacao.obj : error LNK2001: símbolo externo não resolvido "__declspec(dllimport) public: __cdecl sf::String::~String(void)" (__imp_??1String@sf@@QEAA@XZ)
MenuFases.obj : error LNK2001: símbolo externo não resolvido "__declspec(dllimport) public: __cdecl sf::String::~String(void)" (__imp_??1String@sf@@QEAA@XZ)
MenuJogadores.obj : error LNK2019: símbolo externo não resolvido, "__declspec(dllimport) public: void __cdecl sf::Transformable::setPosition(class sf::Vector2<float> const &)" (__imp_?setPosition@Transformable@sf@@QEAAXAEBV?$Vector2@M@2@@Z), referenciado na função "protected: void __cdecl std::time_get<char,class std::istreambuf_iterator<char,struct std::char_traits<char> > >::_Getvals<wchar_t>(wchar_t,class std::_Locinfo const &)" (??$_Getvals@_W@?$time_get@DV?$istreambuf_iterator@DU?$char_traits@D@std@@@std@@@std@@IEAAX_WAEBV_Locinfo@1@@Z)
MenuPause.obj : error LNK2001: símbolo externo não resolvido "__declspec(dllimport) public: void __cdecl sf::Transformable::setPosition(class sf::Vector2<float> const &)" (__imp_?setPosition@Transformable@sf@@QEAAXAEBV?$Vector2@M@2@@Z)
MenuPrincipal.obj : error LNK2001: símbolo externo não resolvido "__declspec(dllimport) public: void __cdecl sf::Transformable::setPosition(class sf::Vector2<float> const &)" (__imp_?setPosition@Transformable@sf@@QEAAXAEBV?$Vector2@M@2@@Z)
Creditos.obj : error LNK2001: símbolo externo não resolvido "__declspec(dllimport) public: void __cdecl sf::Transformable::setPosition(class sf::Vector2<float> const &)" (__imp_?setPosition@Transformable@sf@@QEAAXAEBV?$Vector2@M@2@@Z)
Entidade.obj : error LNK2001: símbolo externo não resolvido "__declspec(dllimport) public: void __cdecl sf::Transformable::setPosition(class sf::Vector2<float> const &)" (__imp_?setPosition@Transformable@sf@@QEAAXAEBV?$Vector2@M@2@@Z)
MenuColocacao.obj : error LNK2001: símbolo externo não resolvido "__declspec(dllimport) public: void __cdecl sf::Transformable::setPosition(class sf::Vector2<float> const &)" (__imp_?setPosition@Transformable@sf@@QEAAXAEBV?$Vector2@M@2@@Z)
MenuFases.obj : error LNK2001: símbolo externo não resolvido "__declspec(dllimport) public: void __cdecl sf::Transformable::setPosition(class sf::Vector2<float> const &)" (__imp_?setPosition@Transformable@sf@@QEAAXAEBV?$Vector2@M@2@@Z)
MenuPause.obj : error LNK2001: símbolo externo não resolvido "__declspec(dllimport) public: __cdecl sf::Text::Text(void)" (__imp_??0Text@sf@@QEAA@XZ)
MenuPrincipal.obj : error LNK2001: símbolo externo não resolvido "__declspec(dllimport) public: __cdecl sf::Text::Text(void)" (__imp_??0Text@sf@@QEAA@XZ)
Creditos.obj : error LNK2001: símbolo externo não resolvido "__declspec(dllimport) public: __cdecl sf::Text::Text(void)" (__imp_??0Text@sf@@QEAA@XZ)
MenuColocacao.obj : error LNK2001: símbolo externo não resolvido "__declspec(dllimport) public: __cdecl sf::Text::Text(void)" (__imp_??0Text@sf@@QEAA@XZ)
MenuFases.obj : error LNK2001: símbolo externo não resolvido "__declspec(dllimport) public: __cdecl sf::Text::Text(void)" (__imp_??0Text@sf@@QEAA@XZ)
MenuJogadores.obj : error LNK2001: símbolo externo não resolvido "__declspec(dllimport) public: __cdecl sf::Text::Text(void)" (__imp_??0Text@sf@@QEAA@XZ)
MenuPause.obj : error LNK2001: símbolo externo não resolvido "__declspec(dllimport) public: void __cdecl sf::Text::setString(class sf::String const &)" (__imp_?setString@Text@sf@@QEAAXAEBVString@2@@Z)
MenuPrincipal.obj : error LNK2001: símbolo externo não resolvido "__declspec(dllimport) public: void __cdecl sf::Text::setString(class sf::String const &)" (__imp_?setString@Text@sf@@QEAAXAEBVString@2@@Z)
Creditos.obj : error LNK2001: símbolo externo não resolvido "__declspec(dllimport) public: void __cdecl sf::Text::setString(class sf::String const &)" (__imp_?setString@Text@sf@@QEAAXAEBVString@2@@Z)
MenuColocacao.obj : error LNK2001: símbolo externo não resolvido "__declspec(dllimport) public: void __cdecl sf::Text::setString(class sf::String const &)" (__imp_?setString@Text@sf@@QEAAXAEBVString@2@@Z)
MenuFases.obj : error LNK2001: símbolo externo não resolvido "__declspec(dllimport) public: void __cdecl sf::Text::setString(class sf::String const &)" (__imp_?setString@Text@sf@@QEAAXAEBVString@2@@Z)
MenuJogadores.obj : error LNK2001: símbolo externo não resolvido "__declspec(dllimport) public: void __cdecl sf::Text::setString(class sf::String const &)" (__imp_?setString@Text@sf@@QEAAXAEBVString@2@@Z)
MenuPause.obj : error LNK2001: símbolo externo não resolvido "__declspec(dllimport) public: void __cdecl sf::Text::setFont(class sf::Font const &)" (__imp_?setFont@Text@sf@@QEAAXAEBVFont@2@@Z)
MenuPrincipal.obj : error LNK2001: símbolo externo não resolvido "__declspec(dllimport) public: void __cdecl sf::Text::setFont(class sf::Font const &)" (__imp_?setFont@Text@sf@@QEAAXAEBVFont@2@@Z)
Creditos.obj : error LNK2001: símbolo externo não resolvido "__declspec(dllimport) public: void __cdecl sf::Text::setFont(class sf::Font const &)" (__imp_?setFont@Text@sf@@QEAAXAEBVFont@2@@Z)
MenuColocacao.obj : error LNK2001: símbolo externo não resolvido "__declspec(dllimport) public: void __cdecl sf::Text::setFont(class sf::Font const &)" (__imp_?setFont@Text@sf@@QEAAXAEBVFont@2@@Z)
MenuFases.obj : error LNK2001: símbolo externo não resolvido "__declspec(dllimport) public: void __cdecl sf::Text::setFont(class sf::Font const &)" (__imp_?setFont@Text@sf@@QEAAXAEBVFont@2@@Z)
MenuJogadores.obj : error LNK2001: símbolo externo não resolvido "__declspec(dllimport) public: void __cdecl sf::Text::setFont(class sf::Font const &)" (__imp_?setFont@Text@sf@@QEAAXAEBVFont@2@@Z)
MenuPause.obj : error LNK2001: símbolo externo não resolvido "__declspec(dllimport) public: void __cdecl sf::Text::setCharacterSize(unsigned int)" (__imp_?setCharacterSize@Text@sf@@QEAAXI@Z)
MenuPrincipal.obj : error LNK2001: símbolo externo não resolvido "__declspec(dllimport) public: void __cdecl sf::Text::setCharacterSize(unsigned int)" (__imp_?setCharacterSize@Text@sf@@QEAAXI@Z)
Creditos.obj : error LNK2001: símbolo externo não resolvido "__declspec(dllimport) public: void __cdecl sf::Text::setCharacterSize(unsigned int)" (__imp_?setCharacterSize@Text@sf@@QEAAXI@Z)
MenuColocacao.obj : error LNK2001: símbolo externo não resolvido "__declspec(dllimport) public: void __cdecl sf::Text::setCharacterSize(unsigned int)" (__imp_?setCharacterSize@Text@sf@@QEAAXI@Z)
MenuFases.obj : error LNK2001: símbolo externo não resolvido "__declspec(dllimport) public: void __cdecl sf::Text::setCharacterSize(unsigned int)" (__imp_?setCharacterSize@Text@sf@@QEAAXI@Z)
MenuJogadores.obj : error LNK2001: símbolo externo não resolvido "__declspec(dllimport) public: void __cdecl sf::Text::setCharacterSize(unsigned int)" (__imp_?setCharacterSize@Text@sf@@QEAAXI@Z)
MenuJogadores.obj : error LNK2019: símbolo externo não resolvido, "__declspec(dllimport) public: void __cdecl sf::Text::setFillColor(class sf::Color const &)" (__imp_?setFillColor@Text@sf@@QEAAXAEBVColor@2@@Z), referenciado na função "public: __cdecl MenuJogadores::MenuJogadores(unsigned int,unsigned int,int,class Jogo *)" (??0MenuJogadores@@QEAA@IIHPEAVJogo@@@Z)
MenuPause.obj : error LNK2001: símbolo externo não resolvido "__declspec(dllimport) public: void __cdecl sf::Text::setFillColor(class sf::Color const &)" (__imp_?setFillColor@Text@sf@@QEAAXAEBVColor@2@@Z)
MenuPrincipal.obj : error LNK2001: símbolo externo não resolvido "__declspec(dllimport) public: void __cdecl sf::Text::setFillColor(class sf::Color const &)" (__imp_?setFillColor@Text@sf@@QEAAXAEBVColor@2@@Z)
Creditos.obj : error LNK2001: símbolo externo não resolvido "__declspec(dllimport) public: void __cdecl sf::Text::setFillColor(class sf::Color const &)" (__imp_?setFillColor@Text@sf@@QEAAXAEBVColor@2@@Z)
Menu.obj : error LNK2001: símbolo externo não resolvido "__declspec(dllimport) public: void __cdecl sf::Text::setFillColor(class sf::Color const &)" (__imp_?setFillColor@Text@sf@@QEAAXAEBVColor@2@@Z)
MenuColocacao.obj : error LNK2001: símbolo externo não resolvido "__declspec(dllimport) public: void __cdecl sf::Text::setFillColor(class sf::Color const &)" (__imp_?setFillColor@Text@sf@@QEAAXAEBVColor@2@@Z)
MenuFases.obj : error LNK2001: símbolo externo não resolvido "__declspec(dllimport) public: void __cdecl sf::Text::setFillColor(class sf::Color const &)" (__imp_?setFillColor@Text@sf@@QEAAXAEBVColor@2@@Z)
MenuPause.obj : error LNK2001: símbolo externo não resolvido "__declspec(dllimport) public: virtual __cdecl sf::Text::~Text(void)" (__imp_??1Text@sf@@UEAA@XZ)
MenuPrincipal.obj : error LNK2001: símbolo externo não resolvido "__declspec(dllimport) public: virtual __cdecl sf::Text::~Text(void)" (__imp_??1Text@sf@@UEAA@XZ)
Creditos.obj : error LNK2001: símbolo externo não resolvido "__declspec(dllimport) public: virtual __cdecl sf::Text::~Text(void)" (__imp_??1Text@sf@@UEAA@XZ)
MenuColocacao.obj : error LNK2001: símbolo externo não resolvido "__declspec(dllimport) public: virtual __cdecl sf::Text::~Text(void)" (__imp_??1Text@sf@@UEAA@XZ)
MenuFases.obj : error LNK2001: símbolo externo não resolvido "__declspec(dllimport) public: virtual __cdecl sf::Text::~Text(void)" (__imp_??1Text@sf@@UEAA@XZ)
MenuJogadores.obj : error LNK2001: símbolo externo não resolvido "__declspec(dllimport) public: virtual __cdecl sf::Text::~Text(void)" (__imp_??1Text@sf@@UEAA@XZ)
MenuPause.obj : error LNK2019: símbolo externo não resolvido, "private: virtual void __cdecl sf::Text::draw(class sf::RenderTarget &,class sf::RenderStates)const " (?draw@Text@sf@@EEBAXAEAVRenderTarget@2@VRenderStates@2@@Z), referenciado na função "protected: void __cdecl std::time_get<char,class std::istreambuf_iterator<char,struct std::char_traits<char> > >::_Getvals<wchar_t>(wchar_t,class std::_Locinfo const &)" (??$_Getvals@_W@?$time_get@DV?$istreambuf_iterator@DU?$char_traits@D@std@@@std@@@std@@IEAAX_WAEBV_Locinfo@1@@Z)
MenuPrincipal.obj : error LNK2001: símbolo externo não resolvido "private: virtual void __cdecl sf::Text::draw(class sf::RenderTarget &,class sf::RenderStates)const " (?draw@Text@sf@@EEBAXAEAVRenderTarget@2@VRenderStates@2@@Z)
Creditos.obj : error LNK2001: símbolo externo não resolvido "private: virtual void __cdecl sf::Text::draw(class sf::RenderTarget &,class sf::RenderStates)const " (?draw@Text@sf@@EEBAXAEAVRenderTarget@2@VRenderStates@2@@Z)
MenuColocacao.obj : error LNK2001: símbolo externo não resolvido "private: virtual void __cdecl sf::Text::draw(class sf::RenderTarget &,class sf::RenderStates)const " (?draw@Text@sf@@EEBAXAEAVRenderTarget@2@VRenderStates@2@@Z)
MenuFases.obj : error LNK2001: símbolo externo não resolvido "private: virtual void __cdecl sf::Text::draw(class sf::RenderTarget &,class sf::RenderStates)const " (?draw@Text@sf@@EEBAXAEAVRenderTarget@2@VRenderStates@2@@Z)
MenuJogadores.obj : error LNK2001: símbolo externo não resolvido "private: virtual void __cdecl sf::Text::draw(class sf::RenderTarget &,class sf::RenderStates)const " (?draw@Text@sf@@EEBAXAEAVRenderTarget@2@VRenderStates@2@@Z)
MenuJogadores.obj : error LNK2001: símbolo externo não resolvido "__declspec(dllimport) public: static class sf::Color const sf::Color::Red" (__imp_?Red@Color@sf@@2V12@B)
MenuPause.obj : error LNK2001: símbolo externo não resolvido "__declspec(dllimport) public: static class sf::Color const sf::Color::Red" (__imp_?Red@Color@sf@@2V12@B)
MenuPrincipal.obj : error LNK2001: símbolo externo não resolvido "__declspec(dllimport) public: static class sf::Color const sf::Color::Red" (__imp_?Red@Color@sf@@2V12@B)
Creditos.obj : error LNK2001: símbolo externo não resolvido "__declspec(dllimport) public: static class sf::Color const sf::Color::Red" (__imp_?Red@Color@sf@@2V12@B)
Menu.obj : error LNK2001: símbolo externo não resolvido "__declspec(dllimport) public: static class sf::Color const sf::Color::Red" (__imp_?Red@Color@sf@@2V12@B)
MenuColocacao.obj : error LNK2001: símbolo externo não resolvido "__declspec(dllimport) public: static class sf::Color const sf::Color::Red" (__imp_?Red@Color@sf@@2V12@B)
MenuFases.obj : error LNK2001: símbolo externo não resolvido "__declspec(dllimport) public: static class sf::Color const sf::Color::Red" (__imp_?Red@Color@sf@@2V12@B)
MenuJogadores.obj : error LNK2001: símbolo externo não resolvido "__declspec(dllimport) public: static class sf::Color const sf::Color::Green" (__imp_?Green@Color@sf@@2V12@B)
MenuPause.obj : error LNK2001: símbolo externo não resolvido "__declspec(dllimport) public: static class sf::Color const sf::Color::Green" (__imp_?Green@Color@sf@@2V12@B)
MenuPrincipal.obj : error LNK2001: símbolo externo não resolvido "__declspec(dllimport) public: static class sf::Color const sf::Color::Green" (__imp_?Green@Color@sf@@2V12@B)
Creditos.obj : error LNK2001: símbolo externo não resolvido "__declspec(dllimport) public: static class sf::Color const sf::Color::Green" (__imp_?Green@Color@sf@@2V12@B)
Menu.obj : error LNK2001: símbolo externo não resolvido "__declspec(dllimport) public: static class sf::Color const sf::Color::Green" (__imp_?Green@Color@sf@@2V12@B)
MenuColocacao.obj : error LNK2001: símbolo externo não resolvido "__declspec(dllimport) public: static class sf::Color const sf::Color::Green" (__imp_?Green@Color@sf@@2V12@B)
MenuFases.obj : error LNK2001: símbolo externo não resolvido "__declspec(dllimport) public: static class sf::Color const sf::Color::Green" (__imp_?Green@Color@sf@@2V12@B)
Entidade.obj : error LNK2019: símbolo externo não resolvido, "__declspec(dllimport) public: void __cdecl sf::Transformable::setOrigin(float,float)" (__imp_?setOrigin@Transformable@sf@@QEAAXMM@Z), referenciado na função "public: void __cdecl Entidade::setOrigem(void)" (?setOrigem@Entidade@@QEAAXXZ)
Entidade.obj : error LNK2019: símbolo externo não resolvido, "__declspec(dllimport) public: class sf::Vector2<float> const & __cdecl sf::Transformable::getPosition(void)const " (__imp_?getPosition@Transformable@sf@@QEBAAEBV?$Vector2@M@2@XZ), referenciado na função "public: class sf::Vector2<float> __cdecl Entidade::getPosicao(void)" (?getPosicao@Entidade@@QEAA?AV?$Vector2@M@sf@@XZ)
Entidade.obj : error LNK2019: símbolo externo não resolvido, "__declspec(dllimport) public: void __cdecl sf::Transformable::move(class sf::Vector2<float> const &)" (__imp_?move@Transformable@sf@@QEAAXAEBV?$Vector2@M@2@@Z), referenciado na função "public: void __cdecl Entidade::movimenta(class sf::Vector2<float>)" (?movimenta@Entidade@@QEAAXV?$Vector2@M@sf@@@Z)
Estatico.obj : error LNK2001: símbolo externo não resolvido "__declspec(dllimport) public: void __cdecl sf::Transformable::move(class sf::Vector2<float> const &)" (__imp_?move@Transformable@sf@@QEAAXAEBV?$Vector2@M@2@@Z)
Projetil.obj : error LNK2001: símbolo externo não resolvido "__declspec(dllimport) public: void __cdecl sf::Transformable::move(class sf::Vector2<float> const &)" (__imp_?move@Transformable@sf@@QEAAXAEBV?$Vector2@M@2@@Z)
Entidade.obj : error LNK2019: símbolo externo não resolvido, "__declspec(dllimport) public: void __cdecl sf::Shape::setTexture(class sf::Texture const *,bool)" (__imp_?setTexture@Shape@sf@@QEAAXPEBVTexture@2@_N@Z), referenciado na função "public: void __cdecl Entidade::setTextura(class std::basic_string<char,struct std::char_traits<char>,class std::allocator<char> >)" (?setTextura@Entidade@@QEAAXV?$basic_string@DU?$char_traits@D@std@@V?$allocator@D@2@@std@@@Z)
Entidade.obj : error LNK2019: símbolo externo não resolvido, "__declspec(dllimport) public: __cdecl sf::Texture::Texture(void)" (__imp_??0Texture@sf@@QEAA@XZ), referenciado na função "public: __cdecl Entidade::Entidade(void)" (??0Entidade@@QEAA@XZ)
Entidade.obj : error LNK2019: símbolo externo não resolvido, "__declspec(dllimport) public: __cdecl sf::Texture::~Texture(void)" (__imp_??1Texture@sf@@QEAA@XZ), referenciado na função "public: virtual __cdecl Entidade::~Entidade(void)" (??1Entidade@@UEAA@XZ)
Entidade.obj : error LNK2019: símbolo externo não resolvido, "__declspec(dllimport) public: bool __cdecl sf::Texture::loadFromFile(class std::basic_string<char,struct std::char_traits<char>,class std::allocator<char> > const &,class sf::Rect<int> const &)" (__imp_?loadFromFile@Texture@sf@@QEAA_NAEBV?$basic_string@DU?$char_traits@D@std@@V?$allocator@D@2@@std@@AEBV?$Rect@H@2@@Z), referenciado na função "public: void __cdecl Entidade::setTextura(class std::basic_string<char,struct std::char_traits<char>,class std::allocator<char> >)" (?setTextura@Entidade@@QEAAXV?$basic_string@DU?$char_traits@D@std@@V?$allocator@D@2@@std@@@Z)
Entidade.obj : error LNK2019: símbolo externo não resolvido, "__declspec(dllimport) public: __cdecl sf::RectangleShape::RectangleShape(class sf::Vector2<float> const &)" (__imp_??0RectangleShape@sf@@QEAA@AEBV?$Vector2@M@1@@Z), referenciado na função "public: __cdecl Entidade::Entidade(void)" (??0Entidade@@QEAA@XZ)
Menu.obj : error LNK2001: símbolo externo não resolvido "__declspec(dllimport) public: __cdecl sf::RectangleShape::RectangleShape(class sf::Vector2<float> const &)" (__imp_??0RectangleShape@sf@@QEAA@AEBV?$Vector2@M@1@@Z)
Entidade.obj : error LNK2019: símbolo externo não resolvido, "__declspec(dllimport) public: void __cdecl sf::RectangleShape::setSize(class sf::Vector2<float> const &)" (__imp_?setSize@RectangleShape@sf@@QEAAXAEBV?$Vector2@M@2@@Z), referenciado na função "public: void __cdecl Entidade::setDimensoes(class sf::Vector2<float>)" (?setDimensoes@Entidade@@QEAAXV?$Vector2@M@sf@@@Z)
Entidade.obj : error LNK2019: símbolo externo não resolvido, "__declspec(dllimport) public: virtual __cdecl sf::RectangleShape::~RectangleShape(void)" (__imp_??1RectangleShape@sf@@UEAA@XZ), referenciado na função "int `public: __cdecl Entidade::Entidade(void)'::`1'::dtor$1" (?dtor$1@?0???0Entidade@@QEAA@XZ@4HA)
Jogo.obj : error LNK2001: símbolo externo não resolvido "__declspec(dllimport) public: virtual __cdecl sf::RectangleShape::~RectangleShape(void)" (__imp_??1RectangleShape@sf@@UEAA@XZ)
Menu.obj : error LNK2001: símbolo externo não resolvido "__declspec(dllimport) public: virtual __cdecl sf::RectangleShape::~RectangleShape(void)" (__imp_??1RectangleShape@sf@@UEAA@XZ)
Entidade.obj : error LNK2019: símbolo externo não resolvido, "__declspec(dllimport) public: void __cdecl sf::RenderTarget::draw(class sf::Drawable const &,class sf::RenderStates const &)" (__imp_?draw@RenderTarget@sf@@QEAAXAEBVDrawable@2@AEBVRenderStates@2@@Z), referenciado na função "public: void __cdecl Entidade::desenhar(void)" (?desenhar@Entidade@@QEAAXXZ)
Menu.obj : error LNK2001: símbolo externo não resolvido "__declspec(dllimport) public: void __cdecl sf::RenderTarget::draw(class sf::Drawable const &,class sf::RenderStates const &)" (__imp_?draw@RenderTarget@sf@@QEAAXAEBVDrawable@2@AEBVRenderStates@2@@Z)
Entidade.obj : error LNK2019: símbolo externo não resolvido, "__declspec(dllimport) public: static class sf::RenderStates const sf::RenderStates::Default" (__imp_?Default@RenderStates@sf@@2V12@B), referenciado na função "public: void __cdecl Entidade::desenhar(void)" (?desenhar@Entidade@@QEAAXXZ)
Menu.obj : error LNK2001: símbolo externo não resolvido "__declspec(dllimport) public: static class sf::RenderStates const sf::RenderStates::Default" (__imp_?Default@RenderStates@sf@@2V12@B)
Fase.obj : error LNK2019: símbolo externo não resolvido, "__declspec(dllimport) public: void __cdecl sf::Shape::setFillColor(class sf::Color const &)" (__imp_?setFillColor@Shape@sf@@QEAAXAEBVColor@2@@Z), referenciado na função "public: void __cdecl Fase::criaChao(void)" (?criaChao@Fase@@QEAAXXZ)
Fase.obj : error LNK2019: símbolo externo não resolvido, "__declspec(dllimport) public: void __cdecl sf::View::setCenter(class sf::Vector2<float> const &)" (__imp_?setCenter@View@sf@@QEAAXAEBV?$Vector2@M@2@@Z), referenciado na função "public: void __cdecl Fase::atualizaView(void)" (?atualizaView@Fase@@QEAAXXZ)
GerenciadorGrafico.obj : error LNK2001: símbolo externo não resolvido "__declspec(dllimport) public: void __cdecl sf::View::setCenter(class sf::Vector2<float> const &)" (__imp_?setCenter@View@sf@@QEAAXAEBV?$Vector2@M@2@@Z)
Quarto.obj : error LNK2001: símbolo externo não resolvido "__declspec(dllimport) public: void __cdecl sf::View::setCenter(class sf::Vector2<float> const &)" (__imp_?setCenter@View@sf@@QEAAXAEBV?$Vector2@M@2@@Z)
Quintal.obj : error LNK2001: símbolo externo não resolvido "__declspec(dllimport) public: void __cdecl sf::View::setCenter(class sf::Vector2<float> const &)" (__imp_?setCenter@View@sf@@QEAAXAEBV?$Vector2@M@2@@Z)
Fase.obj : error LNK2019: símbolo externo não resolvido, "__declspec(dllimport) public: static class sf::Color const sf::Color::Transparent" (__imp_?Transparent@Color@sf@@2V12@B), referenciado na função "public: void __cdecl Fase::criaChao(void)" (?criaChao@Fase@@QEAAXXZ)
GerenciadorGrafico.obj : error LNK2019: símbolo externo não resolvido, "__declspec(dllimport) public: __cdecl sf::VideoMode::VideoMode(unsigned int,unsigned int,unsigned int)" (__imp_??0VideoMode@sf@@QEAA@III@Z), referenciado na função "public: __cdecl GerenciadorGrafico::GerenciadorGrafico(void)" (??0GerenciadorGrafico@@QEAA@XZ)
GerenciadorGrafico.obj : error LNK2019: símbolo externo não resolvido, "__declspec(dllimport) public: __cdecl sf::View::View(class sf::Vector2<float> const &,class sf::Vector2<float> const &)" (__imp_??0View@sf@@QEAA@AEBV?$Vector2@M@1@0@Z), referenciado na função "public: __cdecl GerenciadorGrafico::GerenciadorGrafico(void)" (??0GerenciadorGrafico@@QEAA@XZ)
GerenciadorGrafico.obj : error LNK2019: símbolo externo não resolvido, "__declspec(dllimport) public: __cdecl sf::RenderWindow::RenderWindow(class sf::VideoMode,class sf::String const &,unsigned int,struct sf::ContextSettings const &)" (__imp_??0RenderWindow@sf@@QEAA@VVideoMode@1@AEBVString@1@IAEBUContextSettings@1@@Z), referenciado na função "public: __cdecl GerenciadorGrafico::GerenciadorGrafico(void)" (??0GerenciadorGrafico@@QEAA@XZ)
GerenciadorGrafico.obj : error LNK2019: símbolo externo não resolvido, "__declspec(dllimport) public: virtual __cdecl sf::RenderWindow::~RenderWindow(void)" (__imp_??1RenderWindow@sf@@UEAA@XZ), referenciado na função "int `public: __cdecl GerenciadorGrafico::GerenciadorGrafico(void)'::`1'::dtor$2" (?dtor$2@?0???0GerenciadorGrafico@@QEAA@XZ@4HA)
Jogo.obj : error LNK2019: símbolo externo não resolvido, "__declspec(dllimport) public: float __cdecl sf::Time::asSeconds(void)const " (__imp_?asSeconds@Time@sf@@QEBAMXZ), referenciado na função "public: void __cdecl Jogo::LoopJogo(void)" (?LoopJogo@Jogo@@QEAAXXZ)
Jogo.obj : error LNK2019: símbolo externo não resolvido, "__declspec(dllimport) public: __cdecl sf::Clock::Clock(void)" (__imp_??0Clock@sf@@QEAA@XZ), referenciado na função "public: void __cdecl Jogo::LoopJogo(void)" (?LoopJogo@Jogo@@QEAAXXZ)
Jogo.obj : error LNK2019: símbolo externo não resolvido, "__declspec(dllimport) public: class sf::Time __cdecl sf::Clock::restart(void)" (__imp_?restart@Clock@sf@@QEAA?AVTime@2@XZ), referenciado na função "public: void __cdecl Jogo::LoopJogo(void)" (?LoopJogo@Jogo@@QEAAXXZ)
Jogo.obj : error LNK2019: símbolo externo não resolvido, "__declspec(dllimport) public: void __cdecl sf::Window::close(void)" (__imp_?close@Window@sf@@QEAAXXZ), referenciado na função "public: void __cdecl Jogo::LoopJogo(void)" (?LoopJogo@Jogo@@QEAAXXZ)
MenuPause.obj : error LNK2001: símbolo externo não resolvido "__declspec(dllimport) public: void __cdecl sf::Window::close(void)" (__imp_?close@Window@sf@@QEAAXXZ)
MenuPrincipal.obj : error LNK2001: símbolo externo não resolvido "__declspec(dllimport) public: void __cdecl sf::Window::close(void)" (__imp_?close@Window@sf@@QEAAXXZ)
Jogo.obj : error LNK2019: símbolo externo não resolvido, "__declspec(dllimport) public: bool __cdecl sf::Window::isOpen(void)const " (__imp_?isOpen@Window@sf@@QEBA_NXZ), referenciado na função "public: void __cdecl Jogo::LoopJogo(void)" (?LoopJogo@Jogo@@QEAAXXZ)
Jogo.obj : error LNK2019: símbolo externo não resolvido, "__declspec(dllimport) public: bool __cdecl sf::Window::pollEvent(class sf::Event &)" (__imp_?pollEvent@Window@sf@@QEAA_NAEAVEvent@2@@Z), referenciado na função "public: void __cdecl Jogo::LoopJogo(void)" (?LoopJogo@Jogo@@QEAAXXZ)
Jogo.obj : error LNK2019: símbolo externo não resolvido, "__declspec(dllimport) public: void __cdecl sf::Window::display(void)" (__imp_?display@Window@sf@@QEAAXXZ), referenciado na função "public: void __cdecl Jogo::LoopJogo(void)" (?LoopJogo@Jogo@@QEAAXXZ)
Jogo.obj : error LNK2019: símbolo externo não resolvido, "__declspec(dllimport) public: __cdecl sf::Color::Color(unsigned char,unsigned char,unsigned char,unsigned char)" (__imp_??0Color@sf@@QEAA@EEEE@Z), referenciado na função "public: void __cdecl Jogo::LoopJogo(void)" (?LoopJogo@Jogo@@QEAAXXZ)
Jogo.obj : error LNK2019: símbolo externo não resolvido, "__declspec(dllimport) public: __cdecl sf::Font::Font(class sf::Font const &)" (__imp_??0Font@sf@@QEAA@AEBV01@@Z), referenciado na função "public: __cdecl Menu::Menu(class Menu const &)" (??0Menu@@QEAA@AEBV0@@Z)
Jogo.obj : error LNK2019: símbolo externo não resolvido, "__declspec(dllimport) public: __cdecl sf::RectangleShape::RectangleShape(class sf::RectangleShape const &)" (__imp_??0RectangleShape@sf@@QEAA@AEBV01@@Z), referenciado na função "public: __cdecl Menu::Menu(class Menu const &)" (??0Menu@@QEAA@AEBV0@@Z)
Jogo.obj : error LNK2019: símbolo externo não resolvido, "__declspec(dllimport) public: void __cdecl sf::RenderTarget::clear(class sf::Color const &)" (__imp_?clear@RenderTarget@sf@@QEAAXAEBVColor@2@@Z), referenciado na função "public: void __cdecl Jogo::LoopJogo(void)" (?LoopJogo@Jogo@@QEAAXXZ)
Jogo.obj : error LNK2019: símbolo externo não resolvido, "__declspec(dllimport) public: void __cdecl sf::RenderTarget::setView(class sf::View const &)" (__imp_?setView@RenderTarget@sf@@QEAAXAEBVView@2@@Z), referenciado na função "public: void __cdecl Jogo::Inicializa(void)" (?Inicializa@Jogo@@QEAAXXZ)
Jogador.obj : error LNK2019: símbolo externo não resolvido, "__declspec(dllimport) public: static bool __cdecl sf::Keyboard::isKeyPressed(enum sf::Keyboard::Key)" (__imp_?isKeyPressed@Keyboard@sf@@SA_NW4Key@12@@Z), referenciado na função "public: virtual void __cdecl Jogador::atualiza(float)" (?atualiza@Jogador@@UEAAXM@Z)
Menu.obj : error LNK2019: símbolo externo não resolvido, "__declspec(dllimport) public: __cdecl sf::Font::Font(void)" (__imp_??0Font@sf@@QEAA@XZ), referenciado na função "public: __cdecl Menu::Menu(unsigned int,unsigned int,int,class Jogo *)" (??0Menu@@QEAA@IIHPEAVJogo@@@Z)
Menu.obj : error LNK2019: símbolo externo não resolvido, "__declspec(dllimport) public: __cdecl sf::Font::~Font(void)" (__imp_??1Font@sf@@QEAA@XZ), referenciado na função "int `public: __cdecl Menu::Menu(unsigned int,unsigned int,int,class Jogo *)'::`1'::dtor$2" (?dtor$2@?0???0Menu@@QEAA@IIHPEAVJogo@@@Z@4HA)
Menu.obj : error LNK2019: símbolo externo não resolvido, "__declspec(dllimport) public: bool __cdecl sf::Font::loadFromFile(class std::basic_string<char,struct std::char_traits<char>,class std::allocator<char> > const &)" (__imp_?loadFromFile@Font@sf@@QEAA_NAEBV?$basic_string@DU?$char_traits@D@std@@V?$allocator@D@2@@std@@@Z), referenciado na função "public: __cdecl Menu::Menu(unsigned int,unsigned int,int,class Jogo *)" (??0Menu@@QEAA@IIHPEAVJogo@@@Z)
MenuColocacao.obj : error LNK2019: símbolo externo não resolvido, "__declspec(dllimport) public: __cdecl sf::String::String(void)" (__imp_??0String@sf@@QEAA@XZ), referenciado na função "public: __cdecl MenuColocacao::MenuColocacao(unsigned int,unsigned int,int,class Jogo *)" (??0MenuColocacao@@QEAA@IIHPEAVJogo@@@Z)
MenuColocacao.obj : error LNK2019: símbolo externo não resolvido, "__declspec(dllimport) public: __cdecl sf::String::String(unsigned int)" (__imp_??0String@sf@@QEAA@I@Z), referenciado na função "public: void __cdecl MenuColocacao::LoopMenu(class sf::Event *)" (?LoopMenu@MenuColocacao@@QEAAXPEAVEvent@sf@@@Z)
MenuColocacao.obj : error LNK2019: símbolo externo não resolvido, "__declspec(dllimport) public: __cdecl sf::String::String(class std::basic_string<char,struct std::char_traits<char>,class std::allocator<char> > const &,class std::locale const &)" (__imp_??0String@sf@@QEAA@AEBV?$basic_string@DU?$char_traits@D@std@@V?$allocator@D@2@@std@@AEBVlocale@3@@Z), referenciado na função "public: void __cdecl MenuColocacao::LoopMenu(class sf::Event *)" (?LoopMenu@MenuColocacao@@QEAAXPEAVEvent@sf@@@Z)
MenuColocacao.obj : error LNK2019: símbolo externo não resolvido, "__declspec(dllimport) public: __cdecl sf::String::operator class std::basic_string<char,struct std::char_traits<char>,class std::allocator<char> >(void)const " (__imp_??BString@sf@@QEBA?AV?$basic_string@DU?$char_traits@D@std@@V?$allocator@D@2@@std@@XZ), referenciado na função "public: void __cdecl MenuColocacao::LoopMenu(class sf::Event *)" (?LoopMenu@MenuColocacao@@QEAAXPEAVEvent@sf@@@Z)
MenuColocacao.obj : error LNK2019: símbolo externo não resolvido, "__declspec(dllimport) public: void __cdecl sf::String::clear(void)" (__imp_?clear@String@sf@@QEAAXXZ), referenciado na função "public: void __cdecl MenuColocacao::LoopMenu(class sf::Event *)" (?LoopMenu@MenuColocacao@@QEAAXPEAVEvent@sf@@@Z)
MenuColocacao.obj : error LNK2019: símbolo externo não resolvido, "__declspec(dllimport) public: unsigned __int64 __cdecl sf::String::getSize(void)const " (__imp_?getSize@String@sf@@QEBA_KXZ), referenciado na função "public: void __cdecl MenuColocacao::LoopMenu(class sf::Event *)" (?LoopMenu@MenuColocacao@@QEAAXPEAVEvent@sf@@@Z)
MenuColocacao.obj : error LNK2019: símbolo externo não resolvido, "__declspec(dllimport) public: void __cdecl sf::String::erase(unsigned __int64,unsigned __int64)" (__imp_?erase@String@sf@@QEAAX_K0@Z), referenciado na função "public: void __cdecl MenuColocacao::LoopMenu(class sf::Event *)" (?LoopMenu@MenuColocacao@@QEAAXPEAVEvent@sf@@@Z)
MenuColocacao.obj : error LNK2019: símbolo externo não resolvido, "__declspec(dllimport) public: void __cdecl sf::String::insert(unsigned __int64,class sf::String const &)" (__imp_?insert@String@sf@@QEAAX_KAEBV12@@Z), referenciado na função "public: void __cdecl MenuColocacao::LoopMenu(class sf::Event *)" (?LoopMenu@MenuColocacao@@QEAAXPEAVEvent@sf@@@Z)
MenuColocacao.obj : error LNK2019: símbolo externo não resolvido, "__declspec(dllimport) class sf::String __cdecl sf::operator+(class sf::String const &,class sf::String const &)" (__imp_??Hsf@@YA?AVString@0@AEBV10@0@Z), referenciado na função "public: void __cdecl MenuColocacao::LoopMenu(class sf::Event *)" (?LoopMenu@MenuColocacao@@QEAAXPEAVEvent@sf@@@Z)
MenuColocacao.obj : error LNK2019: símbolo externo não resolvido, "__declspec(dllimport) public: class sf::String const & __cdecl sf::Text::getString(void)const " (__imp_?getString@Text@sf@@QEBAAEBVString@2@XZ), referenciado na função "public: void __cdecl MenuColocacao::LoopMenu(class sf::Event *)" (?LoopMenu@MenuColocacao@@QEAAXPEAVEvent@sf@@@Z)
MenuColocacao.obj : error LNK2019: símbolo externo não resolvido, "__declspec(dllimport) public: static class sf::Color const sf::Color::Blue" (__imp_?Blue@Color@sf@@2V12@B), referenciado na função "public: void __cdecl MenuColocacao::LoopMenu(class sf::Event *)" (?LoopMenu@MenuColocacao@@QEAAXPEAVEvent@sf@@@Z)
C:\Users\AnaPaula\Documents\Faculdade\2021.1\Técnicas de Programação\Jogo\Jogo_Repositorio_Chico\Jogo\SFML-2.5.1\lib\sfml-graphics-d.lib : warning LNK4272: o tipo de máquina da biblioteca 'x86' está em conflito com o tipo de máquina de destino 'x64'
C:\Users\AnaPaula\Documents\Faculdade\2021.1\Técnicas de Programação\Jogo\Jogo_Repositorio_Chico\Jogo\SFML-2.5.1\lib\sfml-window-d.lib : warning LNK4272: o tipo de máquina da biblioteca 'x86' está em conflito com o tipo de máquina de destino 'x64'
C:\Users\AnaPaula\Documents\Faculdade\2021.1\Técnicas de Programação\Jogo\Jogo_Repositorio_Chico\Jogo\SFML-2.5.1\lib\sfml-audio-d.lib : warning LNK4272: o tipo de máquina da biblioteca 'x86' está em conflito com o tipo de máquina de destino 'x64'
C:\Users\AnaPaula\Documents\Faculdade\2021.1\Técnicas de Programação\Jogo\Jogo_Repositorio_Chico\Jogo\SFML-2.5.1\lib\sfml-network-d.lib : warning LNK4272: o tipo de máquina da biblioteca 'x86' está em conflito com o tipo de máquina de destino 'x64'
C:\Users\AnaPaula\Documents\Faculdade\2021.1\Técnicas de Programação\Jogo\Jogo_Repositorio_Chico\Jogo\SFML-2.5.1\lib\sfml-system-d.lib : warning LNK4272: o tipo de máquina da biblioteca 'x86' está em conflito com o tipo de máquina de destino 'x64'
C:\Users\AnaPaula\Documents\Faculdade\2021.1\Técnicas de Programação\Jogo\Jogo_Repositorio_Chico\Jogo\Jogo-main\x64\Debug\Jogo TecProg.exe : fatal error LNK1120: 58 externo não resolvidos
